<?xml version="1.0" encoding="utf-8"?>
<coverage line-rate="0.3333" branch-rate="0" version="1.9" timestamp="1681820128" lines-covered="8" lines-valid="24" branches-covered="0" branches-valid="6">
  <sources>
    <source>C:\Users\raddk\</source>
  </sources>
  <packages>
    <package name="DDT Sumator" line-rate="0.3333" branch-rate="0" complexity="9">
      <classes>
        <class name="AutoGeneratedProgram" filename=".nuget\packages\microsoft.net.test.sdk\17.3.2\build\netcoreapp2.1\Microsoft.NET.Test.Sdk.Program.cs" line-rate="0" branch-rate="1" complexity="1">
          <methods>
            <method name="Main" signature="(System.String[])" line-rate="0" branch-rate="1" complexity="1">
              <lines>
                <line number="4" hits="0" branch="False" />
              </lines>
            </method>
          </methods>
          <lines>
            <line number="4" hits="0" branch="False" />
          </lines>
        </class>
        <class name="DDT_Sumator.SeleniumTests" filename="source\repos\Team-Bandits\SeleniumExersice1\DDT Sumator\DDT_Sumator.cs" line-rate="0.3478" branch-rate="0" complexity="8">
          <methods>
            <method name="Setup" signature="()" line-rate="0.41659999999999997" branch-rate="1" complexity="1">
              <lines>
                <line number="19" hits="1" branch="False" />
                <line number="20" hits="1" branch="False" />
                <line number="21" hits="1" branch="False" />
                <line number="22" hits="1" branch="False" />
                <line number="23" hits="1" branch="False" />
                <line number="24" hits="0" branch="False" />
                <line number="25" hits="0" branch="False" />
                <line number="26" hits="0" branch="False" />
                <line number="27" hits="0" branch="False" />
                <line number="28" hits="0" branch="False" />
                <line number="29" hits="0" branch="False" />
                <line number="30" hits="0" branch="False" />
              </lines>
            </method>
            <method name="TearDown" signature="()" line-rate="1" branch-rate="1" complexity="1">
              <lines>
                <line number="33" hits="1" branch="False" />
                <line number="34" hits="1" branch="False" />
                <line number="35" hits="1" branch="False" />
              </lines>
            </method>
            <method name="TestCalculatorWebApp" signature="(System.String,System.String,System.String,System.String)" line-rate="0" branch-rate="0" complexity="6">
              <lines>
                <line number="53" hits="0" branch="False" />
                <line number="55" hits="0" branch="False" />
                <line number="56" hits="0" branch="True" condition-coverage="0% (0/2)">
                  <conditions>
                    <condition number="26" type="jump" coverage="0%" />
                  </conditions>
                </line>
                <line number="57" hits="0" branch="True" condition-coverage="0% (0/2)">
                  <conditions>
                    <condition number="54" type="jump" coverage="0%" />
                  </conditions>
                </line>
                <line number="58" hits="0" branch="True" condition-coverage="0% (0/2)">
                  <conditions>
                    <condition number="82" type="jump" coverage="0%" />
                  </conditions>
                </line>
                <line number="61" hits="0" branch="False" />
                <line number="64" hits="0" branch="False" />
                <line number="65" hits="0" branch="False" />
              </lines>
            </method>
          </methods>
          <lines>
            <line number="19" hits="1" branch="False" />
            <line number="20" hits="1" branch="False" />
            <line number="21" hits="1" branch="False" />
            <line number="22" hits="1" branch="False" />
            <line number="23" hits="1" branch="False" />
            <line number="24" hits="0" branch="False" />
            <line number="25" hits="0" branch="False" />
            <line number="26" hits="0" branch="False" />
            <line number="27" hits="0" branch="False" />
            <line number="28" hits="0" branch="False" />
            <line number="29" hits="0" branch="False" />
            <line number="30" hits="0" branch="False" />
            <line number="33" hits="1" branch="False" />
            <line number="34" hits="1" branch="False" />
            <line number="35" hits="1" branch="False" />
            <line number="53" hits="0" branch="False" />
            <line number="55" hits="0" branch="False" />
            <line number="56" hits="0" branch="True" condition-coverage="0% (0/2)">
              <conditions>
                <condition number="26" type="jump" coverage="0%" />
              </conditions>
            </line>
            <line number="57" hits="0" branch="True" condition-coverage="0% (0/2)">
              <conditions>
                <condition number="54" type="jump" coverage="0%" />
              </conditions>
            </line>
            <line number="58" hits="0" branch="True" condition-coverage="0% (0/2)">
              <conditions>
                <condition number="82" type="jump" coverage="0%" />
              </conditions>
            </line>
            <line number="61" hits="0" branch="False" />
            <line number="64" hits="0" branch="False" />
            <line number="65" hits="0" branch="False" />
          </lines>
        </class>
      </classes>
    </package>
  </packages>
</coverage>